#
# There is insufficient memory for the Java Runtime Environment to continue.
# Native memory allocation (mmap) failed to map 1540096 bytes for Failed to commit area from 0x000002397e420000 to 0x000002397e598000 of length 1540096.
# Possible reasons:
#   The system is out of physical RAM or swap space
#   The process is running with CompressedOops enabled, and the Java Heap may be blocking the growth of the native heap
# Possible solutions:
#   Reduce memory load on the system
#   Increase physical memory or swap space
#   Check if swap backing store is full
#   Decrease Java heap size (-Xmx/-Xms)
#   Decrease number of Java threads
#   Decrease Java thread stack sizes (-Xss)
#   Set larger code cache with -XX:ReservedCodeCacheSize=
# This output file may be truncated or incomplete.
#
#  Out of Memory Error (t:/workspace/open/src/hotspot/os/windows/os_windows.cpp:3301), pid=9884, tid=6856
#
# JRE version:  (13.0.1+9) (build )
# Java VM: OpenJDK 64-Bit Server VM (13.0.1+9, mixed mode, aot, sharing, tiered, compressed oops, g1 gc, windows-amd64)
# No core dump will be written. Minidumps are not enabled by default on client versions of Windows
#

---------------  S U M M A R Y ------------

Command Line: -Dfile.encoding=Cp1252 app

Host: Intel(R) Core(TM) i5-7200U CPU @ 2.50GHz, 4 cores, 5G,  Windows 10 , 64 bit Build 18362 (10.0.18362.329)
Time: Sat Feb  1 23:20:02 2020 Eastern Standard Time elapsed time: 0 seconds (0d 0h 0m 0s)

---------------  T H R E A D  ---------------

Current thread (0x000002397370b800):  JavaThread "Unknown thread" [_thread_in_vm, id=6856, stack(0x0000009f3a100000,0x0000009f3a200000)]

Stack: [0x0000009f3a100000,0x0000009f3a200000]
Native frames: (J=compiled Java code, j=interpreted, Vv=VM code, C=native code)
V  [jvm.dll+0x626eca]
V  [jvm.dll+0x772c6a]
V  [jvm.dll+0x77441f]
V  [jvm.dll+0x774a23]
V  [jvm.dll+0x24da58]
V  [jvm.dll+0x62438a]
V  [jvm.dll+0x618f75]
V  [jvm.dll+0x30c61c]
V  [jvm.dll+0x30c452]
V  [jvm.dll+0x311bc6]
V  [jvm.dll+0x355cf9]
V  [jvm.dll+0x3554c0]
V  [jvm.dll+0x2e729a]
V  [jvm.dll+0x2e8532]
V  [jvm.dll+0x74fcd8]
V  [jvm.dll+0x363739]
V  [jvm.dll+0x732dc5]
V  [jvm.dll+0x3ce2ef]
V  [jvm.dll+0x3d0611]
C  [jli.dll+0x51ff]
C  [ucrtbase.dll+0x20e72]
C  [KERNEL32.DLL+0x17bd4]
C  [ntdll.dll+0x6ced1]


---------------  P R O C E S S  ---------------

Threads class SMR info:
_java_thread_list=0x00007ff8ff5b46b8, length=0, elements={
}

Java Threads: ( => current thread )

Other Threads:
  0x0000023973746800 GCTaskThread "GC Thread#0" [stack: 0x0000009f3a200000,0x0000009f3a300000] [id=13896]
  0x0000023973754000 ConcurrentGCThread "G1 Main Marker" [stack: 0x0000009f3a300000,0x0000009f3a400000] [id=10292]
  0x0000023973757800 ConcurrentGCThread "G1 Conc#0" [stack: 0x0000009f3a400000,0x0000009f3a500000] [id=1168]

[error occurred during error reporting (printing all threads), id 0xc0000005, EXCEPTION_ACCESS_VIOLATION (0xc0000005) at pc=0x00007ff8fede6f67]

VM state:not at safepoint (not fully initialized)

VM Mutex/Monitor currently owned by a thread:  ([mutex/lock_event])
[0x0000023973707130] Heap_lock - owner thread: 0x000002397370b800

Heap address: 0x00000000a2400000, size: 1500 MB, Compressed Oops mode: Non-zero based: 0x00000000a2400000
Narrow klass base: 0x0000000000000000, Narrow klass shift: 0

GC Heap History (0 events):
No events

Deoptimization events (0 events):
No events

Classes unloaded (0 events):
No events

Classes redefined (0 events):
No events

Internal exceptions (0 events):
No events

Events (8 events):
Event: 0.011 Loaded shared library C:\Users\kewab\Desktop\jdk-13.0.1\bin\zip.dll
Event: 0.011 Loaded shared library C:\Users\kewab\Desktop\jdk-13.0.1\bin\jimage.dll
Event: 0.013 Loading shared library C:\Users\kewab\Desktop\jdk-13.0.1\lib\libjava.base-coop.dll failed, error code 126
Event: 0.013 Loading shared library C:\Users\kewab\Desktop\jdk-13.0.1\lib\libjava.logging-coop.dll failed, error code 126
Event: 0.013 Loading shared library C:\Users\kewab\Desktop\jdk-13.0.1\lib\libjdk.compiler-coop.dll failed, error code 126
Event: 0.013 Loading shared library C:\Users\kewab\Desktop\jdk-13.0.1\lib\libjdk.scripting.nashorn-coop.dll failed, error code 126
Event: 0.014 Loading shared library C:\Users\kewab\Desktop\jdk-13.0.1\lib\libjdk.internal.vm.ci-coop.dll failed, error code 126
Event: 0.014 Loading shared library C:\Users\kewab\Desktop\jdk-13.0.1\lib\libjdk.internal.vm.compiler-coop.dll failed, error code 126


Dynamic libraries:
0x00007ff75ac70000 - 0x00007ff75ac7d000 	C:\Users\kewab\Desktop\jdk-13.0.1\bin\javaw.exe
0x00007ff93cf60000 - 0x00007ff93d150000 	C:\WINDOWS\SYSTEM32\ntdll.dll
0x00007ff93ce60000 - 0x00007ff93cf12000 	C:\WINDOWS\System32\KERNEL32.DLL
0x00007ff93a010000 - 0x00007ff93a2b3000 	C:\WINDOWS\System32\KERNELBASE.dll
0x00007ff93a390000 - 0x00007ff93a48a000 	C:\WINDOWS\System32\ucrtbase.dll
0x00007ff925250000 - 0x00007ff925268000 	C:\Users\kewab\Desktop\jdk-13.0.1\bin\jli.dll
0x00007ff93c9e0000 - 0x00007ff93cb74000 	C:\WINDOWS\System32\USER32.dll
0x00007ff93ac10000 - 0x00007ff93ac31000 	C:\WINDOWS\System32\win32u.dll
0x00007ff93be00000 - 0x00007ff93be26000 	C:\WINDOWS\System32\GDI32.dll
0x00007ff93acd0000 - 0x00007ff93ae64000 	C:\WINDOWS\System32\gdi32full.dll
0x00007ff939f70000 - 0x00007ff93a00e000 	C:\WINDOWS\System32\msvcp_win.dll
0x00007ff925230000 - 0x00007ff925245000 	C:\Users\kewab\Desktop\jdk-13.0.1\bin\VCRUNTIME140.dll
0x00007ff927620000 - 0x00007ff9278a5000 	C:\WINDOWS\WinSxS\amd64_microsoft.windows.common-controls_6595b64144ccf1df_6.0.18362.592_none_e6c0b1911312be02\COMCTL32.dll
0x00007ff93c390000 - 0x00007ff93c42e000 	C:\WINDOWS\System32\msvcrt.dll
0x00007ff93be30000 - 0x00007ff93c166000 	C:\WINDOWS\System32\combase.dll
0x00007ff93cd40000 - 0x00007ff93ce60000 	C:\WINDOWS\System32\RPCRT4.dll
0x00007ff939ef0000 - 0x00007ff939f70000 	C:\WINDOWS\System32\bcryptPrimitives.dll
0x00007ff93c360000 - 0x00007ff93c38e000 	C:\WINDOWS\System32\IMM32.DLL
0x00007ff90e980000 - 0x00007ff90ea1b000 	C:\Users\kewab\Desktop\jdk-13.0.1\bin\msvcp140.dll
0x00007ff8feaf0000 - 0x00007ff8ff656000 	C:\Users\kewab\Desktop\jdk-13.0.1\bin\server\jvm.dll
0x00007ff93c170000 - 0x00007ff93c213000 	C:\WINDOWS\System32\ADVAPI32.dll
0x00007ff93c220000 - 0x00007ff93c2b7000 	C:\WINDOWS\System32\sechost.dll
0x00007ff93bb00000 - 0x00007ff93bb08000 	C:\WINDOWS\System32\PSAPI.DLL
0x00007ff9267d0000 - 0x00007ff9267d9000 	C:\WINDOWS\SYSTEM32\WSOCK32.dll
0x00007ff93c430000 - 0x00007ff93c49f000 	C:\WINDOWS\System32\WS2_32.dll
0x00007ff937220000 - 0x00007ff937244000 	C:\WINDOWS\SYSTEM32\WINMM.dll
0x00007ff9267c0000 - 0x00007ff9267ca000 	C:\WINDOWS\SYSTEM32\VERSION.dll
0x00007ff9371f0000 - 0x00007ff93721d000 	C:\WINDOWS\SYSTEM32\WINMMBASE.dll
0x00007ff93afc0000 - 0x00007ff93b00a000 	C:\WINDOWS\System32\cfgmgr32.dll
0x00007ff939e40000 - 0x00007ff939e51000 	C:\WINDOWS\System32\kernel.appcore.dll
0x00007ff9369e0000 - 0x00007ff9369f0000 	C:\Users\kewab\Desktop\jdk-13.0.1\bin\verify.dll
0x00007ff938700000 - 0x00007ff9388f4000 	C:\WINDOWS\SYSTEM32\DBGHELP.DLL
0x00007ff924230000 - 0x00007ff92425a000 	C:\WINDOWS\SYSTEM32\dbgcore.DLL
0x00007ff927b80000 - 0x00007ff927ba6000 	C:\Users\kewab\Desktop\jdk-13.0.1\bin\java.dll
0x00007ff92a2d0000 - 0x00007ff92a2e7000 	C:\Users\kewab\Desktop\jdk-13.0.1\bin\zip.dll
0x00007ff936860000 - 0x00007ff93686a000 	C:\Users\kewab\Desktop\jdk-13.0.1\bin\jimage.dll

dbghelp: loaded successfully - version: 4.0.5 - missing functions: none
symbol engine: initialized successfully - sym options: 0x614 - pdb path: .;C:\Users\kewab\Desktop\jdk-13.0.1\bin;C:\WINDOWS\SYSTEM32;C:\WINDOWS\WinSxS\amd64_microsoft.windows.common-controls_6595b64144ccf1df_6.0.18362.592_none_e6c0b1911312be02;C:\Users\kewab\Desktop\jdk-13.0.1\bin\server

VM Arguments:
jvm_args: -Dfile.encoding=Cp1252 
java_command: app
java_class_path (initial): C:\Users\kewab\eclipse-workspace\Bailey_PA2\Bailey.p2\bin
Launcher Type: SUN_STANDARD

[Global flags]
     intx CICompilerCount                          = 3                                         {product} {ergonomic}
     uint ConcGCThreads                            = 1                                         {product} {ergonomic}
     uint G1ConcRefinementThreads                  = 4                                         {product} {ergonomic}
   size_t G1HeapRegionSize                         = 1048576                                   {product} {ergonomic}
    uintx GCDrainStackTargetSize                   = 64                                        {product} {ergonomic}
   size_t InitialHeapSize                          = 98566144                                  {product} {ergonomic}
   size_t MarkStackSize                            = 4194304                                   {product} {ergonomic}
   size_t MaxHeapSize                              = 1572864000                                {product} {ergonomic}
   size_t MinHeapDeltaBytes                        = 1048576                                   {product} {ergonomic}
   size_t MinHeapSize                              = 8388608                                   {product} {ergonomic}
    uintx NonNMethodCodeHeapSize                   = 5830732                                {pd product} {ergonomic}
    uintx NonProfiledCodeHeapSize                  = 122913754                              {pd product} {ergonomic}
    uintx ProfiledCodeHeapSize                     = 122913754                              {pd product} {ergonomic}
    uintx ReservedCodeCacheSize                    = 251658240                              {pd product} {ergonomic}
     bool SegmentedCodeCache                       = true                                      {product} {ergonomic}
   size_t SoftMaxHeapSize                          = 1572864000                             {manageable} {ergonomic}
     bool UseCompressedClassPointers               = true                                 {lp64_product} {ergonomic}
     bool UseCompressedOops                        = true                                 {lp64_product} {ergonomic}
     bool UseG1GC                                  = true                                      {product} {ergonomic}
     bool UseLargePagesIndividualAllocation        = false                                  {pd product} {ergonomic}

Logging:
Log output configuration:
 #0: stdout all=warning uptime,level,tags
 #1: stderr all=off uptime,level,tags

Environment Variables:
JAVA_HOME=C:\Users\kewab\Desktop\jdk-13.0.1
PATH=C:/Users/kewab/Desktop/jdk-13.0.1/bin/server;C:/Users/kewab/Desktop/jdk-13.0.1/bin;C:\Program Files (x86)\Intel\iCLS Client\;C:\Program Files\Intel\iCLS Client\;C:\WINDOWS\system32;C:\WINDOWS;C:\WINDOWS\System32\Wbem;C:\WINDOWS\System32\WindowsPowerShell\v1.0\;C:\Program Files (x86)\Intel\Intel(R) Management Engine Components\DAL;C:\Program Files\Intel\Intel(R) Management Engine Components\DAL;C:\Program Files (x86)\Intel\Intel(R) Management Engine Components\IPT;C:\Program Files\Intel\Intel(R) Management Engine Components\IPT;C:\Program Files\Intel\WiFi\bin\;C:\Program Files\Common Files\Intel\WirelessCommon\;C:\WINDOWS\System32\OpenSSH\;C:\Program Files (x86)\QuickTime\QTSystem\;C:\Program Files\Git\cmd;C:\Users\kewab\Desktop\jdk-13.0.1;C:\Users\kewab\AppData\Local\Microsoft\WindowsApps;;C:\Users\kewab\Desktop;
USERNAME=kewab
OS=Windows_NT
PROCESSOR_IDENTIFIER=Intel64 Family 6 Model 142 Stepping 9, GenuineIntel



---------------  S Y S T E M  ---------------

OS: Windows 10 , 64 bit Build 18362 (10.0.18362.329)

CPU:total 4 (initial active 4) (2 cores per cpu, 2 threads per core) family 6 model 142 stepping 9, cmov, cx8, fxsr, mmx, sse, sse2, sse3, ssse3, sse4.1, sse4.2, popcnt, avx, avx2, aes, clmul, erms, 3dnowpref, lzcnt, ht, tsc, tscinvbit, bmi1, bmi2, adx, fma

Memory: 4k page, system-wide physical 5994M (853M free)
TotalPageFile size 5994M (AvailPageFile size 5M)
current process WorkingSet (physical memory assigned to process): 10M, peak: 10M
current process commit charge ("private bytes"): 146M, peak: 147M

vm_info: OpenJDK 64-Bit Server VM (13.0.1+9) for windows-amd64 JRE (13.0.1+9), built on Oct  6 2019 12:39:43 by "mach5one" with unknown MS VC++:1916

END.
